Arguments: 
  /usr/local/bin/node /Users/aomkhunpanitchot/.yarn/bin/yarn.js

PATH: 
  /Users/aomkhunpanitchot/Downloads/google-cloud-sdk/bin:/Users/aomkhunpanitchot/miniconda3/bin:/Users/aomkhunpanitchot/miniconda3/condabin:/Users/aomkhunpanitchot/.yarn/bin:/Users/aomkhunpanitchot/.config/yarn/global/node_modules/.bin:/usr/local/bin:/usr/bin:/bin:/usr/sbin:/sbin:/usr/local/MacGPG2/bin:/usr/local/share/dotnet:~/.dotnet/tools:/Library/Apple/usr/bin:/Users/aomkhunpanitchot/flutter/bin

Yarn version: 
  1.22.5

Node version: 
  14.15.1

Platform: 
  darwin x64

Trace: 
  SyntaxError: /Users/aomkhunpanitchot/Documents/web/omise-type/package.json: Unexpected token } in JSON at position 760
      at JSON.parse (<anonymous>)
      at /Users/aomkhunpanitchot/.yarn/lib/cli.js:1625:59
      at Generator.next (<anonymous>)
      at step (/Users/aomkhunpanitchot/.yarn/lib/cli.js:310:30)
      at /Users/aomkhunpanitchot/.yarn/lib/cli.js:321:13

npm manifest: 
  {
  	"name": "omise-js-typed",
  	"description": "Third-party Omise.js TypeScript's typings support.",
  	"keywords": [
  		"Omise",
  		"TypeScript",
  		"Omise.js",
  		"@types/omise"
  	],
  	"author": {
  		"name": "aomkirby123",
  		"email": "saltyaom@gmail.com"
  	},
  	"version": "2.5.6-revision.3",
  	"types": "./dist/index.d.ts",
  	"license": "MIT",
  	"homepage": "https://github.com/saltyAom/omise-type",
  	"publishConfig": {
  		"access": "public",
  		"registry": "https://registry.npmjs.org/"
  	},
  	"repository": {
  		"type": "git",
  		"url": "https://github.com/saltyAom/omise-type"
  	},
  	"bugs": {
  		"url": "https://github.com/saltyAom/omise-type/issues",
  		"email": "saltyaom@gmail.com"
  	},
  	"devDependencies": {
  		"omise-js-typed": "^2.5.6-revision.0",
  		"typescript": "^4.1.3",
  	}
  }

yarn manifest: 
  No manifest

Lockfile: 
  # THIS IS AN AUTOGENERATED FILE. DO NOT EDIT THIS FILE DIRECTLY.
  # yarn lockfile v1
  
  
  omise-js-typed@^2.5.6-revision.0:
    version "2.5.6-revision.0"
    resolved "https://registry.yarnpkg.com/omise-js-typed/-/omise-js-typed-2.5.6-revision.0.tgz#dd3e41d9df8878403d0c620edb2e4b13a8bf9e22"
    integrity sha512-PThhmYfeR783qXbJAs/OTpNCtsskqmWeyMjctfcnxAC5XdNWygvisVfFEDmMf+8S/gCj57VrglhcnPM9hr6rtg==
  
  typescript@^4.1.3:
    version "4.1.3"
    resolved "https://registry.yarnpkg.com/typescript/-/typescript-4.1.3.tgz#519d582bd94cba0cf8934c7d8e8467e473f53bb7"
    integrity sha512-B3ZIOf1IKeH2ixgHhj6la6xdwR9QrLC5d1VKeCSY4tvkqhF2eqd9O7txNlS0PO3GrBAFIdr3L1ndNwteUbZLYg==
